LightningTalkSimulation	lightningtalksimulation	RUN	1442844335631	n/a	2.0
iterated DVDStore	537052720921753248-0	USER	START	1442844335652	0
iterated DVDStore	537052720921753248-0	REQUEST		DVDStore Home	1442844335687	1442844335703	1442844335801	1442844335802	OK	 
iterated DVDStore	537052720921753248-0	REQUEST		DVDStore Shop	1442844338837	1442844338837	1442844338925	1442844338927	OK	 
iterated DVDStore	537052720921753248-0	REQUEST		DVDStore Home	1442844338929	1442844338929	1442844338971	1442844338971	OK	 
iterated DVDStore	537052720921753248-0	REQUEST		DVDStore Shop	1442844341955	1442844341955	1442844342032	1442844342035	OK	 
iterated DVDStore	537052720921753248-0	REQUEST		DVDStore Home	1442844342036	1442844342037	1442844342082	1442844342082	OK	 
iterated DVDStore	537052720921753248-0	REQUEST		DVDStore Shop	1442844345094	1442844345094	1442844345168	1442844345169	OK	 
iterated DVDStore	537052720921753248-0	REQUEST		DVDStore Home	1442844345170	1442844345171	1442844345210	1442844345210	OK	 
iterated DVDStore	537052720921753248-0	REQUEST		DVDStore Shop	1442844348204	1442844348205	1442844348298	1442844348298	OK	 
iterated DVDStore	537052720921753248-0	REQUEST		DVDStore Home	1442844348299	1442844348300	1442844348336	1442844348336	OK	 
iterated DVDStore	537052720921753248-0	REQUEST		DVDStore Shop	1442844351333	1442844351334	1442844351395	1442844351396	OK	 
iterated DVDStore	537052720921753248-0	REQUEST		DVDStore Home	1442844351397	1442844351398	1442844351441	1442844351441	OK	 
iterated DVDStore	537052720921753248-0	REQUEST		DVDStore Shop	1442844354434	1442844354434	1442844354491	1442844354492	OK	 
iterated DVDStore	537052720921753248-0	REQUEST		DVDStore Home	1442844354493	1442844354494	1442844354531	1442844354531	OK	 
iterated DVDStore	537052720921753248-0	REQUEST		DVDStore Shop	1442844357533	1442844357534	1442844357591	1442844357595	OK	 
iterated DVDStore	537052720921753248-0	REQUEST		DVDStore Home	1442844357596	1442844357596	1442844357635	1442844357636	OK	 
iterated DVDStore	537052720921753248-0	REQUEST		DVDStore Shop	1442844360643	1442844360643	1442844360731	1442844360732	OK	 
iterated DVDStore	537052720921753248-0	REQUEST		DVDStore Home	1442844360733	1442844360733	1442844360767	1442844360767	OK	 
iterated DVDStore	537052720921753248-0	REQUEST		DVDStore Shop	1442844363764	1442844363764	1442844363821	1442844363823	OK	 
iterated DVDStore	537052720921753248-0	REQUEST		DVDStore Home	1442844363824	1442844363824	1442844363865	1442844363865	OK	 
iterated DVDStore	537052720921753248-0	REQUEST		DVDStore Shop	1442844366874	1442844366875	1442844366991	1442844366995	OK	 
iterated DVDStore	537052720921753248-0	USER	END	1442844335652	1442844366998
